\BOOKMARK [1][-]{section.1}{\376\377\000I\000n\000t\000r\000o\000d\000u\000c\000t\000i\000o\000n}{}
\BOOKMARK [1][-]{section.2}{\376\377\000H\000o\000m\000o\000g\000r\000a\000p\000h\000i\000e\000s}{}
\BOOKMARK [2][-]{subsection.2.1}{\376\377\000B\000a\000s\000i\000c\000s}{section.2}
\BOOKMARK [2][-]{subsection.2.2}{\376\377\000R\000e\000p\000r\000e\000s\000e\000n\000t\000a\000t\000i\000o\000n}{section.2}
\BOOKMARK [2][-]{subsection.2.3}{\376\377\000P\000r\000o\000p\000e\000r\000t\000i\000e\000s}{section.2}
\BOOKMARK [1][-]{section.3}{\376\377\000M\000a\000p\000p\000i\000n\000g\000\040\000G\000r\000o\000u\000n\000d\000\040\000V\000i\000e\000w\000\040\000t\000o\000\040\000M\000a\000p\000\040\000L\000o\000c\000a\000t\000i\000o\000n}{}
\BOOKMARK [1][-]{section.4}{\376\377\000M\000a\000p\000p\000i\000n\000g\000\040\000T\000r\000a\000n\000s\000f\000o\000r\000m\000a\000t\000i\000o\000n\000s}{}
\BOOKMARK [1][-]{section.5}{\376\377\000T\000e\000x\000t\000u\000r\000e\000\040\000m\000a\000p\000p\000i\000n\000g}{}
\BOOKMARK [2][-]{subsection.5.1}{\376\377\000L\000i\000n\000e\000a\000r\000\040\000T\000e\000x\000t\000u\000r\000e\000\040\000m\000a\000p\000p\000i\000n\000g}{section.5}
\BOOKMARK [3][-]{subsubsection.5.1.1}{\376\377\000C\000o\000d\000e}{subsection.5.1}
\BOOKMARK [2][-]{subsection.5.2}{\376\377\000R\000e\000a\000l\000i\000s\000t\000i\000c\000\040\000t\000e\000x\000t\000u\000r\000e\000\040\000m\000a\000p\000p\000i\000n\000g}{section.5}
\BOOKMARK [3][-]{subsubsection.5.2.1}{\376\377\000C\000o\000d\000e}{subsection.5.2}
\BOOKMARK [1][-]{section.6}{\376\377\000A\000u\000g\000m\000e\000n\000t\000e\000d\000\040\000r\000e\000a\000l\000i\000t\000y}{}
\BOOKMARK [2][-]{subsection.6.1}{\376\377\000C\000a\000m\000e\000r\000a\000\040\000C\000a\000l\000i\000b\000r\000a\000t\000i\000o\000n}{section.6}
\BOOKMARK [2][-]{subsection.6.2}{\376\377\000C\000a\000m\000e\000r\000a\000\040\000i\000n\000t\000e\000r\000n\000a\000l\000\040\000m\000a\000t\000r\000i\000x\000e\000s}{section.6}
\BOOKMARK [2][-]{subsection.6.3}{\376\377\000p\000r\000o\000j\000e\000c\000t\000i\000n\000g\000\040\000a\000n\000d\000\040\000i\000m\000a\000g\000e\000\040\000u\000s\000i\000n\000g\000\040\000K\000*\000\040\000[\000I\000\040\000|\000\040\000O\000]}{section.6}
\BOOKMARK [2][-]{subsection.6.4}{\376\377\000T\000h\000e\000o\000r\000y\000\040\000o\000f\000\040\000o\000u\000r\000\040\000i\000m\000p\000l\000e\000m\000e\000n\000t\000a\000t\000i\000o\000n}{section.6}
\BOOKMARK [2][-]{subsection.6.5}{\376\377\000O\000u\000r\000\040\000C\000o\000d\000e\000:\000\040\000\050\000t\000h\000e\000\040\000i\000m\000p\000o\000r\000t\000a\000n\000t\000\040\000l\000i\000n\000e\000s\000\051}{section.6}
\BOOKMARK [2][-]{subsection.6.6}{\376\377\000A\000u\000g\000m\000e\000n\000t\000a\000t\000i\000o\000n\000,\000\040\000o\000u\000r\000\040\000r\000e\000s\000u\000l\000t\000s}{section.6}
\BOOKMARK [2][-]{subsection.6.7}{\376\377\000T\000a\000k\000i\000n\000g\000\040\000i\000t\000\040\000l\000i\000v\000e}{section.6}
\BOOKMARK [3][-]{subsubsection.6.7.1}{\376\377\000W\000e\000\040\000s\000t\000i\000l\000l\000\040\000h\000a\000v\000e\000\040\000t\000o}{subsection.6.7}
